<?xml version="1.0" encoding="UTF-8"?>
<!-- Generated by org.testng.reporters.JUnitReportReporter -->
<testsuite skipped="1" hostname="ShivaleelaHMBP" name="com.samp.farrier.tests.LoginPageTest" tests="4" failures="0" timestamp="15 Mar 2018 10:31:20 GMT" time="48.592" errors="0">
  <testcase name="loginTest" time="27.135" classname="com.samp.farrier.tests.LoginPageTest"/>
  <testcase name="validateLoginPageTitleTest" time="10.648" classname="com.samp.farrier.tests.LoginPageTest"/>
  <testcase name="validateLogImageTest" time="10.809" classname="com.samp.farrier.tests.LoginPageTest"/>
  <testcase name="login" time="0.000" classname="com.samp.farrier.tests.LoginPageTest">
    <skipped/>
  </testcase> <!-- login -->
</testsuite> <!-- com.samp.farrier.tests.LoginPageTest -->
