<?xml version="1.0" encoding="UTF-8"?>
<!-- Generated by org.testng.reporters.JUnitReportReporter -->
<testsuite skipped="0" hostname="ShivaleelaHMBP" name="com.samp.farrier.tests.HomePageTest" tests="1" failures="0" timestamp="12 Mar 2018 10:11:55 GMT" time="22.237" errors="0">
  <testcase name="verifyHomePageTitleTest" time="22.237" classname="com.samp.farrier.tests.HomePageTest"/>
</testsuite> <!-- com.samp.farrier.tests.HomePageTest -->
