<?xml version="1.0" encoding="UTF-8"?>
<!-- Generated by org.testng.reporters.JUnitReportReporter -->
<testsuite skipped="0" hostname="ShivaleelaHMBP" name="com.samp.farrier.tests.StaffPageTest" tests="1" failures="0" timestamp="15 Mar 2018 07:52:29 GMT" time="27.505" errors="0">
  <testcase name="verifyStaffModuleTitleTest" time="27.505" classname="com.samp.farrier.tests.StaffPageTest"/>
</testsuite> <!-- com.samp.farrier.tests.StaffPageTest -->
