<?xml version="1.0" encoding="UTF-8"?>
<!-- Generated by org.testng.reporters.JUnitReportReporter -->
<testsuite skipped="0" hostname="ShivaleelaHMBP" name="com.samp.farrier.tests.HomePageTest" tests="2" failures="0" timestamp="12 Mar 2018 13:28:28 GMT" time="65.804" errors="0">
  <testcase name="verifyHomePageTitleTest" time="35.049" classname="com.samp.farrier.tests.HomePageTest"/>
  <testcase name="clickOnStaffLinkTest" time="30.755" classname="com.samp.farrier.tests.HomePageTest"/>
</testsuite> <!-- com.samp.farrier.tests.HomePageTest -->
