<?xml version="1.0" encoding="UTF-8"?>
<!-- Generated by org.testng.reporters.JUnitReportReporter -->
<testsuite skipped="0" hostname="ShivaleelaHMBP" name="com.samp.farrier.tests.StaffPageTest" tests="1" failures="0" timestamp="12 Mar 2018 13:28:28 GMT" time="33.561" errors="0">
  <testcase name="verifyStaffModuleTitleTest" time="33.561" classname="com.samp.farrier.tests.StaffPageTest"/>
</testsuite> <!-- com.samp.farrier.tests.StaffPageTest -->
